<?xml version="1.0" encoding="UTF-8"?>
<!-- Generated by org.testng.reporters.JUnitReportReporter -->
<testsuite skipped="0" hostname="ININTDT115364" name="com.inetbanking.testCase.TC_LoginTest_001" tests="1" failures="0" timestamp="04 Dec 2019 15:02:13 GMT" time="9.977" errors="0">
  <testcase name="loginTest" time="9.977" classname="com.inetbanking.testCase.TC_LoginTest_001"/>
</testsuite> <!-- com.inetbanking.testCase.TC_LoginTest_001 -->
