<?xml version="1.0" encoding="UTF-8"?>
<!-- Generated by org.testng.reporters.JUnitReportReporter -->
<testsuite skipped="0" hostname="ININTDT115513" name="com.TN1.Testcases.VerifyStartTest" tests="1" failures="0" timestamp="22 Jan 2019 14:04:31 GMT" time="26.205" errors="0">
  <testcase name="Verifylogin" time="26.205" classname="com.TN1.Testcases.VerifyStartTest"/>
</testsuite> <!-- com.TN1.Testcases.VerifyStartTest -->
